This file contains any messages produced by compilers while
running configure, to aid debugging if configure makes a mistake.

It was created by bcm2835 configure 1.73, which was
generated by GNU Autoconf 2.69.  Invocation command line was

  $ ./configure 

## --------- ##
## Platform. ##
## --------- ##

hostname = copper
uname -m = aarch64
uname -r = 6.1.38-v8+
uname -s = Linux
uname -v = #1663 SMP PREEMPT Mon Jul 17 12:22:57 BST 2023

/usr/bin/uname -p = unknown
/bin/uname -X     = unknown

/bin/arch              = aarch64
/usr/bin/arch -k       = unknown
/usr/convex/getsysinfo = unknown
/usr/bin/hostinfo      = unknown
/bin/machine           = unknown
/usr/bin/oslevel       = unknown
/bin/universe          = unknown

PATH: /home/copper/.vscode-server/bin/6445d93c81ebe42c4cbd7a60712e0b17d9463e97/bin/remote-cli
PATH: /usr/local/sbin
PATH: /usr/local/bin
PATH: /usr/sbin
PATH: /usr/bin
PATH: /sbin
PATH: /bin
PATH: /usr/local/games
PATH: /usr/games


## ----------- ##
## Core tests. ##
## ----------- ##

configure:1904: checking for a BSD-compatible install
configure:1972: result: /usr/bin/install -c
configure:1983: checking whether build environment is sane
configure:2038: result: yes
configure:2184: checking for a thread-safe mkdir -p
configure:2223: result: /usr/bin/mkdir -p
configure:2230: checking for gawk
configure:2260: result: no
configure:2230: checking for mawk
configure:2246: found /usr/bin/mawk
configure:2257: result: mawk
configure:2268: checking whether make sets $(MAKE)
configure:2290: result: yes
configure:2319: checking whether make supports nested variables
configure:2336: result: yes
configure:2466: checking whether make supports the include directive
configure:2481: make -f confmf.GNU && cat confinc.out
this is the am__doit target
configure:2484: $? = 0
configure:2503: result: yes (GNU style)
configure:2573: checking for gcc
configure:2589: found /usr/bin/gcc
configure:2600: result: gcc
configure:2829: checking for C compiler version
configure:2838: gcc --version >&5
gcc (Raspbian 10.2.1-6+rpi1) 10.2.1 20210110
Copyright (C) 2020 Free Software Foundation, Inc.
This is free software; see the source for copying conditions.  There is NO
warranty; not even for MERCHANTABILITY or FITNESS FOR A PARTICULAR PURPOSE.

configure:2849: $? = 0
configure:2838: gcc -v >&5
Using built-in specs.
COLLECT_GCC=gcc
COLLECT_LTO_WRAPPER=/usr/lib/gcc/arm-linux-gnueabihf/10/lto-wrapper
Target: arm-linux-gnueabihf
Configured with: ../src/configure -v --with-pkgversion='Raspbian 10.2.1-6+rpi1' --with-bugurl=file:///usr/share/doc/gcc-10/README.Bugs --enable-languages=c,ada,c++,go,d,fortran,objc,obj-c++,m2 --prefix=/usr --with-gcc-major-version-only --program-suffix=-10 --program-prefix=arm-linux-gnueabihf- --enable-shared --enable-linker-build-id --libexecdir=/usr/lib --without-included-gettext --enable-threads=posix --libdir=/usr/lib --enable-nls --enable-bootstrap --enable-clocale=gnu --enable-libstdcxx-debug --enable-libstdcxx-time=yes --with-default-libstdcxx-abi=new --enable-gnu-unique-object --disable-libitm --disable-libquadmath --disable-libquadmath-support --enable-plugin --with-system-zlib --enable-libphobos-checking=release --with-target-system-zlib=auto --enable-objc-gc=auto --enable-multiarch --disable-sjlj-exceptions --with-arch=armv6 --with-fpu=vfp --with-float=hard --disable-werror --enable-checking=release --build=arm-linux-gnueabihf --host=arm-linux-gnueabihf --target=arm-linux-gnueabihf
Thread model: posix
Supported LTO compression algorithms: zlib zstd
gcc version 10.2.1 20210110 (Raspbian 10.2.1-6+rpi1) 
configure:2849: $? = 0
configure:2838: gcc -V >&5
gcc: error: unrecognized command-line option '-V'
gcc: fatal error: no input files
compilation terminated.
configure:2849: $? = 1
configure:2838: gcc -qversion >&5
gcc: error: unrecognized command-line option '-qversion'; did you mean '--version'?
gcc: fatal error: no input files
compilation terminated.
configure:2849: $? = 1
configure:2869: checking whether the C compiler works
configure:2891: gcc    conftest.c  >&5
configure:2895: $? = 0
configure:2943: result: yes
configure:2946: checking for C compiler default output file name
configure:2948: result: a.out
configure:2954: checking for suffix of executables
configure:2961: gcc -o conftest    conftest.c  >&5
configure:2965: $? = 0
configure:2987: result: 
configure:3009: checking whether we are cross compiling
configure:3017: gcc -o conftest    conftest.c  >&5
configure:3021: $? = 0
configure:3028: ./conftest
configure:3032: $? = 0
configure:3047: result: no
configure:3052: checking for suffix of object files
configure:3074: gcc -c   conftest.c >&5
configure:3078: $? = 0
configure:3099: result: o
configure:3103: checking whether we are using the GNU C compiler
configure:3122: gcc -c   conftest.c >&5
configure:3122: $? = 0
configure:3131: result: yes
configure:3140: checking whether gcc accepts -g
configure:3160: gcc -c -g  conftest.c >&5
configure:3160: $? = 0
configure:3201: result: yes
configure:3218: checking for gcc option to accept ISO C89
configure:3281: gcc  -c -g -O2  conftest.c >&5
configure:3281: $? = 0
configure:3294: result: none needed
configure:3319: checking whether gcc understands -c and -o together
configure:3341: gcc -c conftest.c -o conftest2.o
configure:3344: $? = 0
configure:3341: gcc -c conftest.c -o conftest2.o
configure:3344: $? = 0
configure:3356: result: yes
configure:3375: checking dependency style of gcc
configure:3486: result: gcc3
configure:3502: checking for clock_gettime in -lrt
configure:3527: gcc -o conftest -g -O2   conftest.c -lrt   >&5
configure:3527: $? = 0
configure:3536: result: yes
configure:3547: checking for docs
configure:3557: result: yes
configure:3572: checking for doxygen
configure:3602: result: no
configure:3611: WARNING: Doxygen not found - continuing without Doxygen support
configure:3658: checking for ranlib
configure:3674: found /usr/bin/ranlib
configure:3685: result: ranlib
configure:3755: checking for gcc
configure:3782: result: gcc
configure:4011: checking for C compiler version
configure:4020: gcc --version >&5
gcc (Raspbian 10.2.1-6+rpi1) 10.2.1 20210110
Copyright (C) 2020 Free Software Foundation, Inc.
This is free software; see the source for copying conditions.  There is NO
warranty; not even for MERCHANTABILITY or FITNESS FOR A PARTICULAR PURPOSE.

configure:4031: $? = 0
configure:4020: gcc -v >&5
Using built-in specs.
COLLECT_GCC=gcc
COLLECT_LTO_WRAPPER=/usr/lib/gcc/arm-linux-gnueabihf/10/lto-wrapper
Target: arm-linux-gnueabihf
Configured with: ../src/configure -v --with-pkgversion='Raspbian 10.2.1-6+rpi1' --with-bugurl=file:///usr/share/doc/gcc-10/README.Bugs --enable-languages=c,ada,c++,go,d,fortran,objc,obj-c++,m2 --prefix=/usr --with-gcc-major-version-only --program-suffix=-10 --program-prefix=arm-linux-gnueabihf- --enable-shared --enable-linker-build-id --libexecdir=/usr/lib --without-included-gettext --enable-threads=posix --libdir=/usr/lib --enable-nls --enable-bootstrap --enable-clocale=gnu --enable-libstdcxx-debug --enable-libstdcxx-time=yes --with-default-libstdcxx-abi=new --enable-gnu-unique-object --disable-libitm --disable-libquadmath --disable-libquadmath-support --enable-plugin --with-system-zlib --enable-libphobos-checking=release --with-target-system-zlib=auto --enable-objc-gc=auto --enable-multiarch --disable-sjlj-exceptions --with-arch=armv6 --with-fpu=vfp --with-float=hard --disable-werror --enable-checking=release --build=arm-linux-gnueabihf --host=arm-linux-gnueabihf --target=arm-linux-gnueabihf
Thread model: posix
Supported LTO compression algorithms: zlib zstd
gcc version 10.2.1 20210110 (Raspbian 10.2.1-6+rpi1) 
configure:4031: $? = 0
configure:4020: gcc -V >&5
gcc: error: unrecognized command-line option '-V'
gcc: fatal error: no input files
compilation terminated.
configure:4031: $? = 1
configure:4020: gcc -qversion >&5
gcc: error: unrecognized command-line option '-qversion'; did you mean '--version'?
gcc: fatal error: no input files
compilation terminated.
configure:4031: $? = 1
configure:4035: checking whether we are using the GNU C compiler
configure:4063: result: yes
configure:4072: checking whether gcc accepts -g
configure:4133: result: yes
configure:4150: checking for gcc option to accept ISO C89
configure:4226: result: none needed
configure:4251: checking whether gcc understands -c and -o together
configure:4288: result: yes
configure:4307: checking dependency style of gcc
configure:4418: result: gcc3
configure:4548: checking that generated files are newer than configure
configure:4554: result: done
configure:4589: creating ./config.status

## ---------------------- ##
## Running config.status. ##
## ---------------------- ##

This file was extended by bcm2835 config.status 1.73, which was
generated by GNU Autoconf 2.69.  Invocation command line was

  CONFIG_FILES    = 
  CONFIG_HEADERS  = 
  CONFIG_LINKS    = 
  CONFIG_COMMANDS = 
  $ ./config.status 

on copper

config.status:850: creating Makefile
config.status:850: creating src/Makefile
config.status:850: creating doc/Makefile
config.status:850: creating config.h
config.status:1031: config.h is unchanged
config.status:1079: executing depfiles commands
config.status:1156: cd src       && sed -e '/# am--include-marker/d' Makefile         | make -f - am--depfiles
make: Nothing to be done for 'am--depfiles'.
config.status:1161: $? = 0

## ---------------- ##
## Cache variables. ##
## ---------------- ##

ac_cv_c_compiler_gnu=yes
ac_cv_env_CC_set=
ac_cv_env_CC_value=
ac_cv_env_CFLAGS_set=
ac_cv_env_CFLAGS_value=
ac_cv_env_CPPFLAGS_set=
ac_cv_env_CPPFLAGS_value=
ac_cv_env_LDFLAGS_set=
ac_cv_env_LDFLAGS_value=
ac_cv_env_LIBS_set=
ac_cv_env_LIBS_value=
ac_cv_env_build_alias_set=
ac_cv_env_build_alias_value=
ac_cv_env_host_alias_set=
ac_cv_env_host_alias_value=
ac_cv_env_target_alias_set=
ac_cv_env_target_alias_value=
ac_cv_lib_rt_clock_gettime=yes
ac_cv_objext=o
ac_cv_path_install='/usr/bin/install -c'
ac_cv_path_mkdir=/usr/bin/mkdir
ac_cv_prog_AWK=mawk
ac_cv_prog_ac_ct_CC=gcc
ac_cv_prog_ac_ct_RANLIB=ranlib
ac_cv_prog_cc_c89=
ac_cv_prog_cc_g=yes
ac_cv_prog_make_make_set=yes
am_cv_CC_dependencies_compiler_type=gcc3
am_cv_make_support_nested_variables=yes
am_cv_prog_cc_c_o=yes

## ----------------- ##
## Output variables. ##
## ----------------- ##

ACLOCAL='${SHELL} '\''/home/copper/code/bcm2835-1.73/missing'\'' aclocal-1.16'
AMDEPBACKSLASH='\'
AMDEP_FALSE='#'
AMDEP_TRUE=''
AMTAR='$${TAR-tar}'
AM_BACKSLASH='\'
AM_DEFAULT_V='$(AM_DEFAULT_VERBOSITY)'
AM_DEFAULT_VERBOSITY='1'
AM_V='$(V)'
AUTOCONF='${SHELL} '\''/home/copper/code/bcm2835-1.73/missing'\'' autoconf'
AUTOHEADER='${SHELL} '\''/home/copper/code/bcm2835-1.73/missing'\'' autoheader'
AUTOMAKE='${SHELL} '\''/home/copper/code/bcm2835-1.73/missing'\'' automake-1.16'
AWK='mawk'
CC='gcc'
CCDEPMODE='depmode=gcc3'
CFLAGS='-g -O2'
CPPFLAGS=''
CYGPATH_W='echo'
DEFS='-DHAVE_CONFIG_H'
DEPDIR='.deps'
DOXYGEN=''
ECHO_C=''
ECHO_N='-n'
ECHO_T=''
EXEEXT=''
HAVE_DOCS_FALSE='#'
HAVE_DOCS_TRUE=''
HAVE_DOXYGEN_FALSE=''
HAVE_DOXYGEN_TRUE='#'
INSTALL_DATA='${INSTALL} -m 644'
INSTALL_PROGRAM='${INSTALL}'
INSTALL_SCRIPT='${INSTALL}'
INSTALL_STRIP_PROGRAM='$(install_sh) -c -s'
LDFLAGS=''
LIBOBJS=''
LIBS='-lrt '
LTLIBOBJS=''
MAKEINFO='${SHELL} '\''/home/copper/code/bcm2835-1.73/missing'\'' makeinfo'
MKDIR_P='/usr/bin/mkdir -p'
OBJEXT='o'
PACKAGE='bcm2835'
PACKAGE_BUGREPORT='mikem@airspayce.com'
PACKAGE_NAME='bcm2835'
PACKAGE_STRING='bcm2835 1.73'
PACKAGE_TARNAME='bcm2835'
PACKAGE_URL=''
PACKAGE_VERSION='1.73'
PATH_SEPARATOR=':'
RANLIB='ranlib'
SET_MAKE=''
SHELL='/bin/bash'
STRIP=''
VERSION='1.73'
ac_ct_CC='gcc'
am__EXEEXT_FALSE=''
am__EXEEXT_TRUE='#'
am__fastdepCC_FALSE='#'
am__fastdepCC_TRUE=''
am__include='include'
am__isrc=''
am__leading_dot='.'
am__nodep='_no'
am__quote=''
am__tar='$${TAR-tar} chof - "$$tardir"'
am__untar='$${TAR-tar} xf -'
bindir='${exec_prefix}/bin'
build_alias=''
datadir='${datarootdir}'
datarootdir='${prefix}/share'
docdir='${datarootdir}/doc/${PACKAGE_TARNAME}'
dvidir='${docdir}'
exec_prefix='${prefix}'
host_alias=''
htmldir='${docdir}'
includedir='${prefix}/include'
infodir='${datarootdir}/info'
install_sh='${SHELL} /home/copper/code/bcm2835-1.73/install-sh'
libdir='${exec_prefix}/lib'
libexecdir='${exec_prefix}/libexec'
localedir='${datarootdir}/locale'
localstatedir='${prefix}/var'
mandir='${datarootdir}/man'
mkdir_p='$(MKDIR_P)'
oldincludedir='/usr/include'
pdfdir='${docdir}'
prefix='/usr/local'
program_transform_name='s,x,x,'
psdir='${docdir}'
runstatedir='${localstatedir}/run'
sbindir='${exec_prefix}/sbin'
sharedstatedir='${prefix}/com'
sysconfdir='${prefix}/etc'
target_alias=''

## ----------- ##
## confdefs.h. ##
## ----------- ##

/* confdefs.h */
#define PACKAGE_NAME "bcm2835"
#define PACKAGE_TARNAME "bcm2835"
#define PACKAGE_VERSION "1.73"
#define PACKAGE_STRING "bcm2835 1.73"
#define PACKAGE_BUGREPORT "mikem@airspayce.com"
#define PACKAGE_URL ""
#define PACKAGE "bcm2835"
#define VERSION "1.73"
#define HAVE_LIBRT 1

configure: exit 0
